<?xml version="1.0" encoding="UTF-8"?>
<!-- Generated by org.testng.reporters.JUnitReportReporter -->
<testsuite hostname="Archon" failures="0" tests="4" name="A2A.Seleniummadeeasy.CheckBoxText" time="1.085" errors="0" timestamp="2022-01-30T12:45:07 NPT" skipped="0">
  <testcase classname="A2A.Seleniummadeeasy.CheckBoxText" name="checkDisplayedCheck" time="0.568"/>
  <system-out/>
  <testcase classname="A2A.Seleniummadeeasy.CheckBoxText" name="checkSelected" time="0.123"/>
  <system-out/>
  <testcase classname="A2A.Seleniummadeeasy.CheckBoxText" name="Text" time="0.046"/>
  <system-out/>
  <testcase classname="A2A.Seleniummadeeasy.CheckBoxText" name="uncheckedCheck" time="0.348"/>
  <system-out/>
</testsuite> <!-- A2A.Seleniummadeeasy.CheckBoxText -->
