<?xml version="1.0" encoding="UTF-8"?>
<!-- Generated by org.testng.reporters.JUnitReportReporter -->
<testsuite hostname="Archon" failures="0" tests="4" name="A2A.Seleniummadeeasy.FirstPageTest" time="1.592" errors="0" timestamp="2022-01-29T21:40:39 NPT" skipped="0">
  <testcase classname="A2A.Seleniummadeeasy.FirstPageTest" name="messageInput" time="0.437"/>
  <system-out/>
  <testcase classname="A2A.Seleniummadeeasy.FirstPageTest" name="twomessageInput" time="0.295"/>
  <system-out/>
  <testcase classname="A2A.Seleniummadeeasy.FirstPageTest" name="SimpleformNavigate" time="0.521"/>
  <system-out/>
  <testcase classname="A2A.Seleniummadeeasy.FirstPageTest" name="radioNavigation" time="0.339"/>
  <system-out/>
</testsuite> <!-- A2A.Seleniummadeeasy.FirstPageTest -->
