<?xml version="1.0" encoding="UTF-8"?>
<!-- Generated by org.testng.reporters.JUnitReportReporter -->
<testsuite hostname="Archon" failures="0" tests="4" name="A2A.Seleniummadeeasy.CheckBoxText" time="1.082" errors="0" timestamp="2022-01-30T15:16:57 NPT" skipped="0">
  <testcase classname="A2A.Seleniummadeeasy.CheckBoxText" name="checkDisplayedCheck" time="0.559"/>
  <system-out/>
  <testcase classname="A2A.Seleniummadeeasy.CheckBoxText" name="checkSelected" time="0.118"/>
  <system-out/>
  <testcase classname="A2A.Seleniummadeeasy.CheckBoxText" name="Text" time="0.050"/>
  <system-out/>
  <testcase classname="A2A.Seleniummadeeasy.CheckBoxText" name="uncheckedCheck" time="0.355"/>
  <system-out/>
</testsuite> <!-- A2A.Seleniummadeeasy.CheckBoxText -->
