<?xml version="1.0" encoding="UTF-8"?>
<!-- Generated by org.testng.reporters.JUnitReportReporter -->
<testsuite hostname="Archon" failures="0" tests="3" name="A2A.Seleniummadeeasy.FirstPageTest" time="1.102" errors="0" timestamp="2022-01-29T21:17:10 NPT" skipped="0">
  <testcase classname="A2A.Seleniummadeeasy.FirstPageTest" name="messageInput" time="0.277"/>
  <system-out/>
  <testcase classname="A2A.Seleniummadeeasy.FirstPageTest" name="twomessageInput" time="0.320"/>
  <system-out/>
  <testcase classname="A2A.Seleniummadeeasy.FirstPageTest" name="SimpleformNavigate" time="0.505"/>
  <system-out/>
</testsuite> <!-- A2A.Seleniummadeeasy.FirstPageTest -->
