<?xml version="1.0" encoding="UTF-8"?>
<!-- Generated by org.testng.reporters.JUnitReportReporter -->
<testsuite hostname="Archon" failures="0" tests="1" name="A2A.Seleniummadeeasy.RadioboxTest" time="0.646" errors="0" timestamp="2022-01-30T12:45:08 NPT" skipped="0">
  <testcase classname="A2A.Seleniummadeeasy.RadioboxTest" name="emptyValue" time="0.646"/>
  <system-out/>
</testsuite> <!-- A2A.Seleniummadeeasy.RadioboxTest -->
