<?xml version="1.0" encoding="UTF-8"?>
<!-- Generated by org.testng.reporters.JUnitReportReporter -->
<testsuite hostname="Archon" failures="0" tests="1" name="resources.base" time="4.387" errors="0" timestamp="2022-01-29T15:18:06 NPT" skipped="0">
  <testcase classname="resources.base" name="initializeDriver" time="4.387"/>
  <system-out/>
</testsuite> <!-- resources.base -->
