<?xml version="1.0" encoding="UTF-8"?>
<!-- Generated by org.testng.reporters.JUnitReportReporter -->
<testsuite hostname="Archon" failures="0" tests="2" name="A2A.Seleniummadeeasy.RadioboxTest" time="1.440" errors="0" timestamp="2022-01-30T15:16:57 NPT" skipped="0">
  <testcase classname="A2A.Seleniummadeeasy.RadioboxTest" name="emptyValue" time="0.536"/>
  <system-out/>
  <testcase classname="A2A.Seleniummadeeasy.RadioboxTest" name="genderAge" time="0.904"/>
  <system-out/>
</testsuite> <!-- A2A.Seleniummadeeasy.RadioboxTest -->
