<?xml version="1.0" encoding="UTF-8"?>
<!-- Generated by org.testng.reporters.JUnitReportReporter -->
<testsuite hostname="Archon" failures="0" tests="4" name="A2A.Seleniummadeeasy.FirstPageTest" time="1.449" errors="0" timestamp="2022-01-30T15:16:57 NPT" skipped="0">
  <testcase classname="A2A.Seleniummadeeasy.FirstPageTest" name="messageInput" time="0.340"/>
  <system-out/>
  <testcase classname="A2A.Seleniummadeeasy.FirstPageTest" name="twomessageInput" time="0.319"/>
  <system-out/>
  <testcase classname="A2A.Seleniummadeeasy.FirstPageTest" name="SimpleformNavigate" time="0.459"/>
  <system-out/>
  <testcase classname="A2A.Seleniummadeeasy.FirstPageTest" name="radioNavigation" time="0.331"/>
  <system-out/>
</testsuite> <!-- A2A.Seleniummadeeasy.FirstPageTest -->
